=/pretest.json
{
  _: [],
  f: [
    '/home/runner/work/exp-quantitative-microscopy-manually-estimate-grain-size-and-grain-boundary-surface-area-iitk/exp-quantitative-microscopy-manually-estimate-grain-size-and-grain-boundary-surface-area-iitk/experiment/pretest.json'
  ],
  files: [
    '/home/runner/work/exp-quantitative-microscopy-manually-estimate-grain-size-and-grain-boundary-surface-area-iitk/exp-quantitative-microscopy-manually-estimate-grain-size-and-grain-boundary-surface-area-iitk/experiment/pretest.json'
  ],
  c: 'assessment',
  contentTypes: 'assessment',
  'content-types': 'assessment',
  '$0': 'validate'
}
Validated true
=/posttest.json
{
  _: [],
  f: [
    '/home/runner/work/exp-quantitative-microscopy-manually-estimate-grain-size-and-grain-boundary-surface-area-iitk/exp-quantitative-microscopy-manually-estimate-grain-size-and-grain-boundary-surface-area-iitk/experiment/posttest.json'
  ],
  files: [
    '/home/runner/work/exp-quantitative-microscopy-manually-estimate-grain-size-and-grain-boundary-surface-area-iitk/exp-quantitative-microscopy-manually-estimate-grain-size-and-grain-boundary-surface-area-iitk/experiment/posttest.json'
  ],
  c: 'assessment',
  contentTypes: 'assessment',
  'content-types': 'assessment',
  '$0': 'validate'
}
Validated true
